# JRE version: Java(TM) SE Runtime Environment (21.0.1+12) (build 21.0.1+12-LTS-29)
# Java VM: Java HotSpot(TM) 64-Bit Server VM (21.0.1+12-LTS-29, mixed mode, sharing, tiered, compressed oops, compressed class ptrs, g1 gc, windows-amd64)
GC Precious Log:
 CardTable entry size: 512
 Card Set container configuration: InlinePtr #cards 5 size 8 Array Of Cards #cards 12 size 40 Howl #buckets 4 coarsen threshold 1843 Howl Bitmap #cards 512 size 80 coarsen threshold 460 Card regions per heap region 1 cards per card region 2048
 CPUs: 4 total, 4 available
 Memory: 8083M
 Large Page Support: Disabled
 NUMA Support: Disabled
 Compressed Oops: Enabled (32-bit)
 Heap Region Size: 1M
 Heap Min Capacity: 8M
 Heap Initial Capacity: 128M
 Heap Max Capacity: 2022M
 Pre-touch: Disabled
 Parallel Workers: 4
 Concurrent Workers: 1
 Concurrent Refinement Workers: 4
 Periodic GC: Disabled
Heap:
 garbage-first heap   total 58368K, used 30566K [0x0000000081a00000, 0x0000000100000000)
  region size 1024K, 11 young (11264K), 3 survivors (3072K)
 Metaspace       used 44829K, committed 45376K, reserved 1114112K
  class space    used 5971K, committed 6208K, reserved 1048576K
GC Heap History (18 events):
Event: 1.011 GC heap before
{Heap before GC invocations=0 (full 0):
 garbage-first heap   total 131072K, used 13312K [0x0000000081a00000, 0x0000000100000000)
  region size 1024K, 13 young (13312K), 0 survivors (0K)
 Metaspace       used 2619K, committed 2816K, reserved 1114112K
  class space    used 245K, committed 320K, reserved 1048576K
}
Event: 1.017 GC heap after
{Heap after GC invocations=1 (full 0):
 garbage-first heap   total 131072K, used 7442K [0x0000000081a00000, 0x0000000100000000)
  region size 1024K, 2 young (2048K), 2 survivors (2048K)
 Metaspace       used 2619K, committed 2816K, reserved 1114112K
  class space    used 245K, committed 320K, reserved 1048576K
}
Event: 1.571 GC heap before
{Heap before GC invocations=1 (full 0):
 garbage-first heap   total 131072K, used 17682K [0x0000000081a00000, 0x0000000100000000)
  region size 1024K, 12 young (12288K), 2 survivors (2048K)
 Metaspace       used 5145K, committed 5376K, reserved 1114112K
  class space    used 603K, committed 704K, reserved 1048576K
}
Event: 1.576 GC heap after
{Heap after GC invocations=2 (full 0):
 garbage-first heap   total 131072K, used 8922K [0x0000000081a00000, 0x0000000100000000)
  region size 1024K, 2 young (2048K), 2 survivors (2048K)
 Metaspace       used 5145K, committed 5376K, reserved 1114112K
  class space    used 603K, committed 704K, reserved 1048576K
}
Event: 3.099 GC heap before
{Heap before GC invocations=2 (full 0):
 garbage-first heap   total 131072K, used 39642K [0x0000000081a00000, 0x0000000100000000)
  region size 1024K, 33 young (33792K), 2 survivors (2048K)
 Metaspace       used 13186K, committed 13504K, reserved 1114112K
  class space    used 1703K, committed 1856K, reserved 1048576K
}
Event: 3.107 GC heap after
{Heap after GC invocations=3 (full 0):
 garbage-first heap   total 131072K, used 11322K [0x0000000081a00000, 0x0000000100000000)
  region size 1024K, 4 young (4096K), 4 survivors (4096K)
 Metaspace       used 13186K, committed 13504K, reserved 1114112K
  class space    used 1703K, committed 1856K, reserved 1048576K
}
Event: 3.993 GC heap before
{Heap before GC invocations=3 (full 0):
 garbage-first heap   total 131072K, used 48186K [0x0000000081a00000, 0x0000000100000000)
  region size 1024K, 41 young (41984K), 4 survivors (4096K)
 Metaspace       used 21196K, committed 21504K, reserved 1114112K
  class space    used 2701K, committed 2880K, reserved 1048576K
}
Event: 4.004 GC heap after
{Heap after GC invocations=4 (full 0):
 garbage-first heap   total 131072K, used 14733K [0x0000000081a00000, 0x0000000100000000)
  region size 1024K, 7 young (7168K), 7 survivors (7168K)
 Metaspace       used 21196K, committed 21504K, reserved 1114112K
  class space    used 2701K, committed 2880K, reserved 1048576K
}
Event: 4.902 GC heap before
{Heap before GC invocations=5 (full 0):
 garbage-first heap   total 58368K, used 42381K [0x0000000081a00000, 0x0000000100000000)
  region size 1024K, 34 young (34816K), 7 survivors (7168K)
 Metaspace       used 24013K, committed 24384K, reserved 1114112K
  class space    used 3050K, committed 3200K, reserved 1048576K
}
Event: 4.917 GC heap after
{Heap after GC invocations=6 (full 0):
 garbage-first heap   total 58368K, used 17462K [0x0000000081a00000, 0x0000000100000000)
  region size 1024K, 3 young (3072K), 3 survivors (3072K)
 Metaspace       used 24013K, committed 24384K, reserved 1114112K
  class space    used 3050K, committed 3200K, reserved 1048576K
}
Event: 6.068 GC heap before
{Heap before GC invocations=6 (full 0):
 garbage-first heap   total 58368K, used 45110K [0x0000000081a00000, 0x0000000100000000)
  region size 1024K, 30 young (30720K), 3 survivors (3072K)
 Metaspace       used 27968K, committed 28416K, reserved 1114112K
  class space    used 3571K, committed 3776K, reserved 1048576K
}
Event: 6.083 GC heap after
{Heap after GC invocations=7 (full 0):
 garbage-first heap   total 58368K, used 19235K [0x0000000081a00000, 0x0000000100000000)
  region size 1024K, 3 young (3072K), 3 survivors (3072K)
 Metaspace       used 27968K, committed 28416K, reserved 1114112K
  class space    used 3571K, committed 3776K, reserved 1048576K
}
Event: 7.246 GC heap before
{Heap before GC invocations=7 (full 0):
 garbage-first heap   total 58368K, used 44835K [0x0000000081a00000, 0x0000000100000000)
  region size 1024K, 29 young (29696K), 3 survivors (3072K)
 Metaspace       used 32904K, committed 33344K, reserved 1114112K
  class space    used 4276K, committed 4480K, reserved 1048576K
}
Event: 7.257 GC heap after
{Heap after GC invocations=8 (full 0):
 garbage-first heap   total 58368K, used 21281K [0x0000000081a00000, 0x0000000100000000)
  region size 1024K, 4 young (4096K), 4 survivors (4096K)
 Metaspace       used 32904K, committed 33344K, reserved 1114112K
  class space    used 4276K, committed 4480K, reserved 1048576K
}
Event: 7.768 GC heap before
{Heap before GC invocations=8 (full 0):
 garbage-first heap   total 58368K, used 31521K [0x0000000081a00000, 0x0000000100000000)
  region size 1024K, 15 young (15360K), 4 survivors (4096K)
 Metaspace       used 35683K, committed 36096K, reserved 1114112K
  class space    used 4746K, committed 4928K, reserved 1048576K
}
Event: 7.780 GC heap after
{Heap after GC invocations=9 (full 0):
 garbage-first heap   total 58368K, used 22151K [0x0000000081a00000, 0x0000000100000000)
  region size 1024K, 1 young (1024K), 1 survivors (1024K)
 Metaspace       used 35683K, committed 36096K, reserved 1114112K
  class space    used 4746K, committed 4928K, reserved 1048576K
}
Event: 9.214 GC heap before
{Heap before GC invocations=10 (full 0):
 garbage-first heap   total 58368K, used 49799K [0x0000000081a00000, 0x0000000100000000)
  region size 1024K, 28 young (28672K), 1 survivors (1024K)
 Metaspace       used 43310K, committed 43840K, reserved 1114112K
  class space    used 5801K, committed 6016K, reserved 1048576K
}
Event: 9.222 GC heap after
{Heap after GC invocations=11 (full 0):
 garbage-first heap   total 58368K, used 24422K [0x0000000081a00000, 0x0000000100000000)
  region size 1024K, 3 young (3072K), 3 survivors (3072K)
 Metaspace       used 43310K, committed 43840K, reserved 1114112K
  class space    used 5801K, committed 6016K, reserved 1048576K
}

