# JRE version: Java(TM) SE Runtime Environment (21.0.1+12) (build 21.0.1+12-LTS-29)
# Java VM: Java HotSpot(TM) 64-Bit Server VM (21.0.1+12-LTS-29, mixed mode, sharing, tiered, compressed oops, compressed class ptrs, g1 gc, windows-amd64)
GC Precious Log:
 CardTable entry size: 512
 Card Set container configuration: InlinePtr #cards 5 size 8 Array Of Cards #cards 12 size 40 Howl #buckets 4 coarsen threshold 1843 Howl Bitmap #cards 512 size 80 coarsen threshold 460 Card regions per heap region 1 cards per card region 2048
 CPUs: 4 total, 4 available
 Memory: 8083M
 Large Page Support: Disabled
 NUMA Support: Disabled
 Compressed Oops: Enabled (32-bit)
 Heap Region Size: 1M
 Heap Min Capacity: 8M
 Heap Initial Capacity: 128M
 Heap Max Capacity: 2022M
 Pre-touch: Disabled
 Parallel Workers: 4
 Concurrent Workers: 1
 Concurrent Refinement Workers: 4
 Periodic GC: Disabled
Heap:
 garbage-first heap   total 58368K, used 22839K [0x0000000081a00000, 0x0000000100000000)
  region size 1024K, 3 young (3072K), 1 survivors (1024K)
 Metaspace       used 35918K, committed 36352K, reserved 1114112K
  class space    used 4796K, committed 4992K, reserved 1048576K
GC Heap History (16 events):
Event: 0.874 GC heap before
{Heap before GC invocations=0 (full 0):
 garbage-first heap   total 131072K, used 13312K [0x0000000081a00000, 0x0000000100000000)
  region size 1024K, 13 young (13312K), 0 survivors (0K)
 Metaspace       used 2595K, committed 2752K, reserved 1114112K
  class space    used 245K, committed 320K, reserved 1048576K
}
Event: 0.880 GC heap after
{Heap after GC invocations=1 (full 0):
 garbage-first heap   total 131072K, used 7570K [0x0000000081a00000, 0x0000000100000000)
  region size 1024K, 2 young (2048K), 2 survivors (2048K)
 Metaspace       used 2595K, committed 2752K, reserved 1114112K
  class space    used 245K, committed 320K, reserved 1048576K
}
Event: 1.499 GC heap before
{Heap before GC invocations=1 (full 0):
 garbage-first heap   total 131072K, used 17810K [0x0000000081a00000, 0x0000000100000000)
  region size 1024K, 12 young (12288K), 2 survivors (2048K)
 Metaspace       used 5139K, committed 5312K, reserved 1114112K
  class space    used 602K, committed 704K, reserved 1048576K
}
Event: 1.504 GC heap after
{Heap after GC invocations=2 (full 0):
 garbage-first heap   total 131072K, used 8960K [0x0000000081a00000, 0x0000000100000000)
  region size 1024K, 2 young (2048K), 2 survivors (2048K)
 Metaspace       used 5139K, committed 5312K, reserved 1114112K
  class space    used 602K, committed 704K, reserved 1048576K
}
Event: 3.080 GC heap before
{Heap before GC invocations=2 (full 0):
 garbage-first heap   total 131072K, used 38656K [0x0000000081a00000, 0x0000000100000000)
  region size 1024K, 32 young (32768K), 2 survivors (2048K)
 Metaspace       used 13074K, committed 13376K, reserved 1114112K
  class space    used 1693K, committed 1856K, reserved 1048576K
}
Event: 3.088 GC heap after
{Heap after GC invocations=3 (full 0):
 garbage-first heap   total 131072K, used 11440K [0x0000000081a00000, 0x0000000100000000)
  region size 1024K, 4 young (4096K), 4 survivors (4096K)
 Metaspace       used 13074K, committed 13376K, reserved 1114112K
  class space    used 1693K, committed 1856K, reserved 1048576K
}
Event: 4.106 GC heap before
{Heap before GC invocations=3 (full 0):
 garbage-first heap   total 131072K, used 49328K [0x0000000081a00000, 0x0000000100000000)
  region size 1024K, 43 young (44032K), 4 survivors (4096K)
 Metaspace       used 21282K, committed 21504K, reserved 1114112K
  class space    used 2701K, committed 2816K, reserved 1048576K
}
Event: 4.115 GC heap after
{Heap after GC invocations=4 (full 0):
 garbage-first heap   total 131072K, used 14731K [0x0000000081a00000, 0x0000000100000000)
  region size 1024K, 7 young (7168K), 7 survivors (7168K)
 Metaspace       used 21282K, committed 21504K, reserved 1114112K
  class space    used 2701K, committed 2816K, reserved 1048576K
}
Event: 5.116 GC heap before
{Heap before GC invocations=5 (full 0):
 garbage-first heap   total 58368K, used 41355K [0x0000000081a00000, 0x0000000100000000)
  region size 1024K, 34 young (34816K), 7 survivors (7168K)
 Metaspace       used 24412K, committed 24768K, reserved 1114112K
  class space    used 3098K, committed 3264K, reserved 1048576K
}
Event: 5.131 GC heap after
{Heap after GC invocations=6 (full 0):
 garbage-first heap   total 58368K, used 17110K [0x0000000081a00000, 0x0000000100000000)
  region size 1024K, 3 young (3072K), 3 survivors (3072K)
 Metaspace       used 24412K, committed 24768K, reserved 1114112K
  class space    used 3098K, committed 3264K, reserved 1048576K
}
Event: 6.303 GC heap before
{Heap before GC invocations=6 (full 0):
 garbage-first heap   total 58368K, used 44758K [0x0000000081a00000, 0x0000000100000000)
  region size 1024K, 30 young (30720K), 3 survivors (3072K)
 Metaspace       used 28118K, committed 28544K, reserved 1114112K
  class space    used 3593K, committed 3776K, reserved 1048576K
}
Event: 6.318 GC heap after
{Heap after GC invocations=7 (full 0):
 garbage-first heap   total 58368K, used 19248K [0x0000000081a00000, 0x0000000100000000)
  region size 1024K, 3 young (3072K), 3 survivors (3072K)
 Metaspace       used 28118K, committed 28544K, reserved 1114112K
  class space    used 3593K, committed 3776K, reserved 1048576K
}
Event: 7.602 GC heap before
{Heap before GC invocations=7 (full 0):
 garbage-first heap   total 58368K, used 45872K [0x0000000081a00000, 0x0000000100000000)
  region size 1024K, 30 young (30720K), 3 survivors (3072K)
 Metaspace       used 33975K, committed 34432K, reserved 1114112K
  class space    used 4456K, committed 4672K, reserved 1048576K
}
Event: 7.613 GC heap after
{Heap after GC invocations=8 (full 0):
 garbage-first heap   total 58368K, used 20964K [0x0000000081a00000, 0x0000000100000000)
  region size 1024K, 4 young (4096K), 4 survivors (4096K)
 Metaspace       used 33975K, committed 34432K, reserved 1114112K
  class space    used 4456K, committed 4672K, reserved 1048576K
}
Event: 7.922 GC heap before
{Heap before GC invocations=8 (full 0):
 garbage-first heap   total 58368K, used 27108K [0x0000000081a00000, 0x0000000100000000)
  region size 1024K, 11 young (11264K), 4 survivors (4096K)
 Metaspace       used 35638K, committed 36096K, reserved 1114112K
  class space    used 4737K, committed 4928K, reserved 1048576K
}
Event: 7.935 GC heap after
{Heap after GC invocations=9 (full 0):
 garbage-first heap   total 58368K, used 21815K [0x0000000081a00000, 0x0000000100000000)
  region size 1024K, 1 young (1024K), 1 survivors (1024K)
 Metaspace       used 35638K, committed 36096K, reserved 1114112K
  class space    used 4737K, committed 4928K, reserved 1048576K
}

