# JRE version: Java(TM) SE Runtime Environment (21.0.1+12) (build 21.0.1+12-LTS-29)
# Java VM: Java HotSpot(TM) 64-Bit Server VM (21.0.1+12-LTS-29, mixed mode, sharing, tiered, compressed oops, compressed class ptrs, g1 gc, windows-amd64)
GC Precious Log:
 CardTable entry size: 512
 Card Set container configuration: InlinePtr #cards 5 size 8 Array Of Cards #cards 12 size 40 Howl #buckets 4 coarsen threshold 1843 Howl Bitmap #cards 512 size 80 coarsen threshold 460 Card regions per heap region 1 cards per card region 2048
 CPUs: 4 total, 4 available
 Memory: 8083M
 Large Page Support: Disabled
 NUMA Support: Disabled
 Compressed Oops: Enabled (32-bit)
 Heap Region Size: 1M
 Heap Min Capacity: 8M
 Heap Initial Capacity: 128M
 Heap Max Capacity: 2022M
 Pre-touch: Disabled
 Parallel Workers: 4
 Concurrent Workers: 1
 Concurrent Refinement Workers: 4
 Periodic GC: Disabled
Heap:
 garbage-first heap   total 58368K, used 49462K [0x0000000081a00000, 0x0000000100000000)
  region size 1024K, 24 young (24576K), 3 survivors (3072K)
 Metaspace       used 62338K, committed 63104K, reserved 1114112K
  class space    used 8611K, committed 8960K, reserved 1048576K
GC Heap History (20 events):
Event: 3.241 GC heap after
{Heap after GC invocations=3 (full 0):
 garbage-first heap   total 131072K, used 10722K [0x0000000081a00000, 0x0000000100000000)
  region size 1024K, 4 young (4096K), 4 survivors (4096K)
 Metaspace       used 12174K, committed 12416K, reserved 1114112K
  class space    used 1548K, committed 1664K, reserved 1048576K
}
Event: 4.772 GC heap before
{Heap before GC invocations=3 (full 0):
 garbage-first heap   total 131072K, used 51682K [0x0000000081a00000, 0x0000000100000000)
  region size 1024K, 45 young (46080K), 4 survivors (4096K)
 Metaspace       used 21166K, committed 21504K, reserved 1114112K
  class space    used 2674K, committed 2880K, reserved 1048576K
}
Event: 4.783 GC heap after
{Heap after GC invocations=4 (full 0):
 garbage-first heap   total 131072K, used 14232K [0x0000000081a00000, 0x0000000100000000)
  region size 1024K, 7 young (7168K), 7 survivors (7168K)
 Metaspace       used 21166K, committed 21504K, reserved 1114112K
  class space    used 2674K, committed 2880K, reserved 1048576K
}
Event: 6.150 GC heap before
{Heap before GC invocations=5 (full 0):
 garbage-first heap   total 58368K, used 40856K [0x0000000081a00000, 0x0000000100000000)
  region size 1024K, 34 young (34816K), 7 survivors (7168K)
 Metaspace       used 24451K, committed 24832K, reserved 1114112K
  class space    used 3085K, committed 3264K, reserved 1048576K
}
Event: 6.167 GC heap after
{Heap after GC invocations=6 (full 0):
 garbage-first heap   total 58368K, used 16542K [0x0000000081a00000, 0x0000000100000000)
  region size 1024K, 3 young (3072K), 3 survivors (3072K)
 Metaspace       used 24451K, committed 24832K, reserved 1114112K
  class space    used 3085K, committed 3264K, reserved 1048576K
}
Event: 8.113 GC heap before
{Heap before GC invocations=6 (full 0):
 garbage-first heap   total 58368K, used 44190K [0x0000000081a00000, 0x0000000100000000)
  region size 1024K, 30 young (30720K), 3 survivors (3072K)
 Metaspace       used 28502K, committed 28928K, reserved 1114112K
  class space    used 3656K, committed 3840K, reserved 1048576K
}
Event: 8.129 GC heap after
{Heap after GC invocations=7 (full 0):
 garbage-first heap   total 58368K, used 18938K [0x0000000081a00000, 0x0000000100000000)
  region size 1024K, 3 young (3072K), 3 survivors (3072K)
 Metaspace       used 28502K, committed 28928K, reserved 1114112K
  class space    used 3656K, committed 3840K, reserved 1048576K
}
Event: 9.713 GC heap before
{Heap before GC invocations=7 (full 0):
 garbage-first heap   total 58368K, used 45562K [0x0000000081a00000, 0x0000000100000000)
  region size 1024K, 30 young (30720K), 3 survivors (3072K)
 Metaspace       used 34848K, committed 35328K, reserved 1114112K
  class space    used 4606K, committed 4800K, reserved 1048576K
}
Event: 9.726 GC heap after
{Heap after GC invocations=8 (full 0):
 garbage-first heap   total 58368K, used 20812K [0x0000000081a00000, 0x0000000100000000)
  region size 1024K, 2 young (2048K), 2 survivors (2048K)
 Metaspace       used 34848K, committed 35328K, reserved 1114112K
  class space    used 4606K, committed 4800K, reserved 1048576K
}
Event: 9.896 GC heap before
{Heap before GC invocations=8 (full 0):
 garbage-first heap   total 58368K, used 23884K [0x0000000081a00000, 0x0000000100000000)
  region size 1024K, 6 young (6144K), 2 survivors (2048K)
 Metaspace       used 35573K, committed 36096K, reserved 1114112K
  class space    used 4745K, committed 4992K, reserved 1048576K
}
Event: 9.902 GC heap after
{Heap after GC invocations=9 (full 0):
 garbage-first heap   total 58368K, used 20977K [0x0000000081a00000, 0x0000000100000000)
  region size 1024K, 2 young (2048K), 2 survivors (2048K)
 Metaspace       used 35573K, committed 36096K, reserved 1114112K
  class space    used 4745K, committed 4992K, reserved 1048576K
}
Event: 11.914 GC heap before
{Heap before GC invocations=10 (full 0):
 garbage-first heap   total 58368K, used 47601K [0x0000000081a00000, 0x0000000100000000)
  region size 1024K, 29 young (29696K), 2 survivors (2048K)
 Metaspace       used 43330K, committed 43840K, reserved 1114112K
  class space    used 5805K, committed 6016K, reserved 1048576K
}
Event: 11.926 GC heap after
{Heap after GC invocations=11 (full 0):
 garbage-first heap   total 58368K, used 23107K [0x0000000081a00000, 0x0000000100000000)
  region size 1024K, 4 young (4096K), 4 survivors (4096K)
 Metaspace       used 43330K, committed 43840K, reserved 1114112K
  class space    used 5805K, committed 6016K, reserved 1048576K
}
Event: 13.668 GC heap before
{Heap before GC invocations=11 (full 0):
 garbage-first heap   total 58368K, used 48707K [0x0000000081a00000, 0x0000000100000000)
  region size 1024K, 30 young (30720K), 4 survivors (4096K)
 Metaspace       used 51132K, committed 51712K, reserved 1114112K
  class space    used 7001K, committed 7232K, reserved 1048576K
}
Event: 13.687 GC heap after
{Heap after GC invocations=12 (full 0):
 garbage-first heap   total 58368K, used 24471K [0x0000000081a00000, 0x0000000100000000)
  region size 1024K, 2 young (2048K), 2 survivors (2048K)
 Metaspace       used 51132K, committed 51712K, reserved 1114112K
  class space    used 7001K, committed 7232K, reserved 1048576K
}
Event: 15.383 GC heap before
{Heap before GC invocations=12 (full 0):
 garbage-first heap   total 58368K, used 50071K [0x0000000081a00000, 0x0000000100000000)
  region size 1024K, 27 young (27648K), 2 survivors (2048K)
 Metaspace       used 55604K, committed 56192K, reserved 1114112K
  class space    used 7651K, committed 7872K, reserved 1048576K
}
Event: 15.393 GC heap after
{Heap after GC invocations=13 (full 0):
 garbage-first heap   total 58368K, used 25369K [0x0000000081a00000, 0x0000000100000000)
  region size 1024K, 3 young (3072K), 3 survivors (3072K)
 Metaspace       used 55604K, committed 56192K, reserved 1114112K
  class space    used 7651K, committed 7872K, reserved 1048576K
}
Event: 16.599 GC heap before
{Heap before GC invocations=13 (full 0):
 garbage-first heap   total 58368K, used 45849K [0x0000000081a00000, 0x0000000100000000)
  region size 1024K, 25 young (25600K), 3 survivors (3072K)
 Metaspace       used 59836K, committed 60480K, reserved 1114112K
  class space    used 8196K, committed 8512K, reserved 1048576K
}
Event: 16.615 GC heap after
{Heap after GC invocations=14 (full 0):
 garbage-first heap   total 58368K, used 27958K [0x0000000081a00000, 0x0000000100000000)
  region size 1024K, 4 young (4096K), 4 survivors (4096K)
 Metaspace       used 59836K, committed 60480K, reserved 1114112K
  class space    used 8196K, committed 8512K, reserved 1048576K
}
Event: 17.990 GC heap before
{Heap before GC invocations=15 (full 0):
 garbage-first heap   total 58368K, used 49462K [0x0000000081a00000, 0x0000000100000000)
  region size 1024K, 25 young (25600K), 4 survivors (4096K)
 Metaspace       used 62338K, committed 63104K, reserved 1114112K
  class space    used 8611K, committed 8960K, reserved 1048576K
}

